============================= test session starts =============================
platform win32 -- Python 3.12.12, pytest-9.0.2, pluggy-1.6.0
rootdir: D:\GraftAI\backend
configfile: pyproject.toml
plugins: anyio-4.13.0, langsmith-0.7.22, asyncio-1.3.0
asyncio: mode=Mode.STRICT, debug=False, asyncio_default_fixture_loop_scope=None, asyncio_default_test_loop_scope=function
collected 13 items

test_db.py .                                                             [  7%]
tests\test_ai_integration.py ..                                          [ 23%]
tests\test_auth.py ......                                                [ 69%]
tests\test_google_meeting.py F                                           [ 76%]
tests\test_notifications_api.py F                                        [ 84%]
tests\test_scheduler_notifications.py .F                                 [100%]

================================== FAILURES ===================================
________________________ test_meeting_link_generation _________________________

    @pytest.mark.asyncio
    async def test_meeting_link_generation():
        from backend.services.scheduler import _generate_meeting_link  # type: ignore
    
        start = datetime.now(timezone.utc)
        end = start + timedelta(hours=1)
    
        # Test 1: Simulated Google Meet Link (No token)
        link_sim_google = await _generate_meeting_link("google_meet", 1, "Test Google", start, end, access_token=None)
        print(f"Simulated Google link: {link_sim_google}")
        assert "meet.google.com" in link_sim_google
    
        # Test 2: Real Google Meet Link (Mocked API)
        with patch("backend.services.google_calendar.httpx.AsyncClient") as mock_httpx_google:
            mock_client = AsyncMock()
            mock_httpx_google.return_value.__aenter__.return_value = mock_client
            mock_client.post.return_value.status_code = 200
            mock_client.post.return_value.json.return_value = {
                "hangoutLink": "https://meet.google.com/abc-defg-hij"
            }
    
            link_real_google = await _generate_meeting_link("google_meet", 1, "Test Google", start, end, access_token="fake-google-token")
            print(f"Real Google link: {link_real_google}")
>           assert link_real_google == "https://meet.google.com/abc-defg-hij"
E           AssertionError: assert 'https://meet.../f1d-a270-9d7' == 'https://meet.../abc-defg-hij'
E             
E             - https://meet.google.com/abc-defg-hij
E             ?                          ^^  ^^^^^^^
E             + https://meet.google.com/f1d-a270-9d7
E             ?                         ++++ ^^^ + ^

tests\test_google_meeting.py:38: AssertionError
---------------------------- Captured stdout call -----------------------------
Simulated Google link: https://meet.google.com/9fd-adde-477
Real Google link: https://meet.google.com/f1d-a270-9d7
------------------------------ Captured log call ------------------------------
ERROR    backend.services.google_calendar:google_calendar.py:70 Failed to call Google Calendar API: 'coroutine' object has no attribute 'get'
________________________ test_send_notification_route _________________________

monkeypatch = <_pytest.monkeypatch.MonkeyPatch object at 0x0000023112012390>

    @pytest.mark.asyncio
    async def test_send_notification_route(monkeypatch):
        fake_send = AsyncMock()
        monkeypatch.setattr("backend.api.notifications.send_custom_notification", fake_send)
    
        token_data = await _create_jwt_token("1", email="user@example.com")
        authorization_header = {"Authorization": f"Bearer {token_data['access_token']}"}
    
        client = TestClient(app)
        payload = {
            "to_email": "user@example.com",
            "subject": "Test Notification",
            "message": "This is a test notification from GraftAI.",
        }
    
>       response = client.post(
            "/api/v1/notifications/test",
            json=payload,
            headers=authorization_header,
        )

tests\test_notifications_api.py:25: 
_ _ _ _ _ _ _ _ _ _ _ _ _ _ _ _ _ _ _ _ _ _ _ _ _ _ _ _ _ _ _ _ _ _ _ _ _ _ _ _
.venv\Lib\site-packages\starlette\testclient.py:546: in post
    return super().post(
.venv\Lib\site-packages\httpx\_client.py:1144: in post
    return self.request(
.venv\Lib\site-packages\starlette\testclient.py:445: in request
    return super().request(
.venv\Lib\site-packages\httpx\_client.py:825: in request
    return self.send(request, auth=auth, follow_redirects=follow_redirects)
           ^^^^^^^^^^^^^^^^^^^^^^^^^^^^^^^^^^^^^^^^^^^^^^^^^^^^^^^^^^^^^^^^
.venv\Lib\site-packages\httpx\_client.py:914: in send
    response = self._send_handling_auth(
.venv\Lib\site-packages\httpx\_client.py:942: in _send_handling_auth
    response = self._send_handling_redirects(
.venv\Lib\site-packages\httpx\_client.py:979: in _send_handling_redirects
    response = self._send_single_request(request)
               ^^^^^^^^^^^^^^^^^^^^^^^^^^^^^^^^^^
.venv\Lib\site-packages\httpx\_client.py:1014: in _send_single_request
    response = transport.handle_request(request)
               ^^^^^^^^^^^^^^^^^^^^^^^^^^^^^^^^^
.venv\Lib\site-packages\starlette\testclient.py:348: in handle_request
    raise exc
.venv\Lib\site-packages\starlette\testclient.py:345: in handle_request
    portal.call(self.app, scope, receive, send)
.venv\Lib\site-packages\anyio\from_thread.py:334: in call
    return cast(T_Retval, self.start_task_soon(func, *args).result())
                          ^^^^^^^^^^^^^^^^^^^^^^^^^^^^^^^^^^^^^^^^^^
C:\Users\sahoo\AppData\Roaming\uv\python\cpython-3.12.12-windows-x86_64-none\Lib\concurrent\futures\_base.py:456: in result
    return self.__get_result()
           ^^^^^^^^^^^^^^^^^^^
C:\Users\sahoo\AppData\Roaming\uv\python\cpython-3.12.12-windows-x86_64-none\Lib\concurrent\futures\_base.py:401: in __get_result
    raise self._exception
.venv\Lib\site-packages\anyio\from_thread.py:259: in _call_func
    retval = await retval_or_awaitable
             ^^^^^^^^^^^^^^^^^^^^^^^^^
.venv\Lib\site-packages\fastapi\applications.py:1159: in __call__
    await super().__call__(scope, receive, send)
.venv\Lib\site-packages\starlette\applications.py:90: in __call__
    await self.middleware_stack(scope, receive, send)
.venv\Lib\site-packages\starlette\middleware\errors.py:186: in __call__
    raise exc
.venv\Lib\site-packages\starlette\middleware\errors.py:164: in __call__
    await self.app(scope, receive, _send)
.venv\Lib\site-packages\starlette\middleware\cors.py:88: in __call__
    await self.app(scope, receive, send)
.venv\Lib\site-packages\starlette\middleware\base.py:191: in __call__
    with recv_stream, send_stream, collapse_excgroups():
                                   ^^^^^^^^^^^^^^^^^^^^
C:\Users\sahoo\AppData\Roaming\uv\python\cpython-3.12.12-windows-x86_64-none\Lib\contextlib.py:158: in __exit__
    self.gen.throw(value)
.venv\Lib\site-packages\starlette\_utils.py:87: in collapse_excgroups
    raise exc
.venv\Lib\site-packages\starlette\middleware\base.py:193: in __call__
    response = await self.dispatch_func(request, call_next)
               ^^^^^^^^^^^^^^^^^^^^^^^^^^^^^^^^^^^^^^^^^^^^
api\main.py:124: in dispatch
    return await call_next(request)
           ^^^^^^^^^^^^^^^^^^^^^^^^
.venv\Lib\site-packages\starlette\middleware\base.py:168: in call_next
    raise app_exc from app_exc.__cause__ or app_exc.__context__
.venv\Lib\site-packages\starlette\middleware\base.py:144: in coro
    await self.app(scope, receive_or_disconnect, send_no_error)
.venv\Lib\site-packages\starlette\middleware\exceptions.py:63: in __call__
    await wrap_app_handling_exceptions(self.app, conn)(scope, receive, send)
.venv\Lib\site-packages\starlette\_exception_handler.py:53: in wrapped_app
    raise exc
.venv\Lib\site-packages\starlette\_exception_handler.py:42: in wrapped_app
    await app(scope, receive, sender)
.venv\Lib\site-packages\fastapi\middleware\asyncexitstack.py:18: in __call__
    await self.app(scope, receive, send)
.venv\Lib\site-packages\starlette\routing.py:660: in __call__
    await self.middleware_stack(scope, receive, send)
.venv\Lib\site-packages\starlette\routing.py:680: in app
    await route.handle(scope, receive, send)
.venv\Lib\site-packages\starlette\routing.py:276: in handle
    await self.app(scope, receive, send)
.venv\Lib\site-packages\fastapi\routing.py:134: in app
    await wrap_app_handling_exceptions(app, request)(scope, receive, send)
.venv\Lib\site-packages\starlette\_exception_handler.py:53: in wrapped_app
    raise exc
.venv\Lib\site-packages\starlette\_exception_handler.py:42: in wrapped_app
    await app(scope, receive, sender)
.venv\Lib\site-packages\fastapi\routing.py:120: in app
    response = await f(request)
               ^^^^^^^^^^^^^^^^
.venv\Lib\site-packages\fastapi\routing.py:457: in app
    solved_result = await solve_dependencies(
.venv\Lib\site-packages\fastapi\dependencies\utils.py:678: in solve_dependencies
    solved = await call(**solved_result.values)
             ^^^^^^^^^^^^^^^^^^^^^^^^^^^^^^^^^^
_ _ _ _ _ _ _ _ _ _ _ _ _ _ _ _ _ _ _ _ _ _ _ _ _ _ _ _ _ _ _ _ _ _ _ _ _ _ _ _

x_org_id = None
db = <sqlalchemy.orm.session.AsyncSession object at 0x0000023111FF5760>
current_user = {'email': 'user@example.com', 'exp': 1774763484, 'iat': 1774759884, 'iss': 'graftai-sovereign', ...}

    async def get_current_org_id(
        x_org_id: Optional[int] = Header(None, alias="X-Org-Id"),
        db: AsyncSession = Depends(get_db),
        current_user = Depends(get_current_user)
    ) -> int:
        """Resolve the active Organization ID for the current request."""
        if x_org_id:
            # Verify user belongs to this org
            stmt = select(UserOrganizationTable).where(
                UserOrganizationTable.user_id == current_user.id,
                UserOrganizationTable.org_id == x_org_id
            )
            result = await db.execute(stmt)
            mapping = result.scalar_one_or_none()
            if not mapping:
                raise HTTPException(status_code=403, detail="Not a member of this organization")
            return x_org_id
    
        # Fallback: Get the user's first (default) organization
        stmt = select(UserOrganizationTable).where(
>           UserOrganizationTable.user_id == current_user.id
                                             ^^^^^^^^^^^^^^^
        ).limit(1)
E       AttributeError: 'dict' object has no attribute 'id'

utils\tenant.py:30: AttributeError
------------------------------ Captured log call ------------------------------
WARNING  backend.services.redis_client:redis_client.py:105 \u26a0 Rate limit check failed (failing open): Task <Task pending name='anyio.from_thread.BlockingPortal._call_func' coro=<BlockingPortal._call_func() running at D:\\GraftAI\\backend\\.venv\\Lib\\site-packages\\anyio\\from_thread.py:259> cb=[TaskGroup._spawn.<locals>.task_done() at D:\\GraftAI\\backend\\.venv\\Lib\\site-packages\\anyio\\_backends\\_asyncio.py:821]> got Future <Future pending> attached to a different loop
________________ test_create_event_success_commits_and_notify _________________

monkeypatch = <_pytest.monkeypatch.MonkeyPatch object at 0x0000023112010CB0>

    @pytest.mark.asyncio
    async def test_create_event_success_commits_and_notify(monkeypatch):
        db_mock = AsyncMock()
    
        # no conflict
        conflict_result = AsyncMock()
    
        class DummyScalars:
            def __init__(self, val):
                self._val = val
    
            def first(self):
                return self._val
    
        conflict_result.scalars = lambda: DummyScalars(None)
        db_mock.execute = AsyncMock(return_value=conflict_result)
    
        # stub sync and notify
        monkeypatch.setattr(scheduler, 'sync_event_to_ai', AsyncMock())
        monkeypatch.setattr(scheduler, 'notify_event_created', AsyncMock())
    
        event_data = {
            "user_id": 2,
            "title": "Test No Conflict",
            "start_time": datetime.now(timezone.utc),
            "end_time": datetime.now(timezone.utc) + timedelta(hours=1),
            "category": "meeting",
            "description": "Test event",
            "color": "#8A2BE2",
            "metadata_payload": {},
            "is_remote": True,
            "status": "confirmed",
        }
    
        # simulate db.get for user email retrieval
        user_obj = AsyncMock(email="user@example.com", google_refresh_token="some-token", google_access_token="acc", google_token_expires_at=datetime.now(timezone.utc) + timedelta(hours=1))
        db_mock.get.return_value = user_obj
    
        # execute
>       event = await scheduler.create_event(db_mock, event_data)
                ^^^^^^^^^^^^^^^^^^^^^^^^^^^^^^^^^^^^^^^^^^^^^^^^^

tests\test_scheduler_notifications.py:82: 
_ _ _ _ _ _ _ _ _ _ _ _ _ _ _ _ _ _ _ _ _ _ _ _ _ _ _ _ _ _ _ _ _ _ _ _ _ _ _ _
services\scheduler.py:452: in create_event
    is_clear = await check_external_conflicts(
services\scheduler.py:250: in check_external_conflicts
    microsoft_token = await get_valid_ms_token(db, user_id)
                      ^^^^^^^^^^^^^^^^^^^^^^^^^^^^^^^^^^^^^
_ _ _ _ _ _ _ _ _ _ _ _ _ _ _ _ _ _ _ _ _ _ _ _ _ _ _ _ _ _ _ _ _ _ _ _ _ _ _ _

db = <AsyncMock id='2409778711872'>, user_id = 2

    async def get_valid_ms_token(db: AsyncSession, user_id: str) -> Optional[str]:
        """
        Retrieves a valid Microsoft Graph access token for the user.
        If expired, it automatically refreshes it using the refresh token.
        """
        user = await db.get(UserTable, user_id)
        if not user or not user.microsoft_refresh_token:
            return None
    
        # Check if token is expired or expires in next 5 minutes
        now = datetime.now(timezone.utc)
        if user.microsoft_access_token and user.microsoft_token_expires_at:
>           if user.microsoft_token_expires_at > (now + timedelta(minutes=5)):
               ^^^^^^^^^^^^^^^^^^^^^^^^^^^^^^^^^^^^^^^^^^^^^^^^^^^^^^^^^^^^^^
E           TypeError: '>' not supported between instances of 'AsyncMock' and 'datetime.datetime'

services\oauth_utils.py:79: TypeError
============================== warnings summary ===============================
api\calendar.py:49
  D:\GraftAI\backend\api\calendar.py:49: PydanticDeprecatedSince20: Support for class-based `config` is deprecated, use ConfigDict instead. Deprecated in Pydantic V2.0 to be removed in V3.0. See Pydantic V2 Migration Guide at https://errors.pydantic.dev/2.12/migration/
    class EventResponse(EventBase):

api\zoom.py:10
  D:\GraftAI\backend\api\zoom.py:10: PydanticDeprecatedSince20: Using extra keyword arguments on `Field` is deprecated and will be removed. Use `json_schema_extra` instead. (Extra keys: 'example'). Deprecated in Pydantic V2.0 to be removed in V3.0. See Pydantic V2 Migration Guide at https://errors.pydantic.dev/2.12/migration/
    topic: str = Field(..., example="GraftAI Strategy Session")

api\zoom.py:11
  D:\GraftAI\backend\api\zoom.py:11: PydanticDeprecatedSince20: Using extra keyword arguments on `Field` is deprecated and will be removed. Use `json_schema_extra` instead. (Extra keys: 'example'). Deprecated in Pydantic V2.0 to be removed in V3.0. See Pydantic V2 Migration Guide at https://errors.pydantic.dev/2.12/migration/
    start_time: str = Field(..., description="ISO 8601 format: YYYY-MM-DDTHH:MM:SSZ", example="2026-03-31T10:00:00Z")

api\zoom.py:12
  D:\GraftAI\backend\api\zoom.py:12: PydanticDeprecatedSince20: Using extra keyword arguments on `Field` is deprecated and will be removed. Use `json_schema_extra` instead. (Extra keys: 'example'). Deprecated in Pydantic V2.0 to be removed in V3.0. See Pydantic V2 Migration Guide at https://errors.pydantic.dev/2.12/migration/
    duration: int = Field(60, description="Duration in minutes", example=60)

api\zoom.py:13
  D:\GraftAI\backend\api\zoom.py:13: PydanticDeprecatedSince20: Using extra keyword arguments on `Field` is deprecated and will be removed. Use `json_schema_extra` instead. (Extra keys: 'example'). Deprecated in Pydantic V2.0 to be removed in V3.0. See Pydantic V2 Migration Guide at https://errors.pydantic.dev/2.12/migration/
    timezone: str = Field("UTC", example="UTC")

-- Docs: https://docs.pytest.org/en/stable/how-to/capture-warnings.html
=========================== short test summary info ===========================
FAILED tests/test_google_meeting.py::test_meeting_link_generation - Assertion...
FAILED tests/test_notifications_api.py::test_send_notification_route - Attrib...
FAILED tests/test_scheduler_notifications.py::test_create_event_success_commits_and_notify
================== 3 failed, 10 passed, 5 warnings in 23.08s ==================
